{
  "platform": "windows",
  "toolchains_tested": [
    "msvc",
    "clang-msvc",
    "gcc-mingw",
    "clang-mingw"
  ],
  "timestamp": 1767596120.2796266,
  "build_results": {
    "msvc": {
      "toolchain": "msvc",
      "build_type": "debug",
      "success": false,
      "returncode": 1,
      "stdout": "**********************************************************************\n** Visual Studio 2022 Developer Command Prompt v17.14.20\n** Copyright (c) 2025 Microsoft Corporation\n**********************************************************************\n[vcvarsall.bat] Environment initialized for: 'x64'\n[INFO] 2026-01-05T06:55:21.206568 - Building target: standalone\n[INFO] 2026-01-05T06:55:21.206614 - Pipeline: Clean Build Pipeline\n[INFO] 2026-01-05T06:55:21.206620 - Preset: default\n[INFO] 2026-01-05T06:55:21.206623 - Config: debug\n[INFO] 2026-01-05T06:55:21.206626 - Compiler: msvc\n[INFO] 2026-01-05T06:55:21.206676 - Starting Clean Build Pipeline for standalone\n[INFO] 2026-01-05T06:55:21.206684 - Build context: product=standalone, task=Clean Build Pipeline, arch=x64, build_type=debug, compiler=msvc, lib_flag=False, st_flag=True\n[INFO] 2026-01-05T06:55:21.206688 - Step 1: Cleaning build directories\n[INFO] 2026-01-05T06:55:21.206691 - Cleaning build directories for standalone\n[INFO] 2026-01-05T06:55:21.206695 - lib_flag: False, st_flag: True\n[INFO] 2026-01-05T06:55:21.206728 - Targets to clean: ['game']\n[INFO] 2026-01-05T06:55:21.206780 - Build directory for game: E:\\syncfold\\Filen_private\\dev\\template\\OmniCPP-template\\build\\debug\\msvc\\game\n[SUCCESS] 2026-01-05T06:55:21.207060 - Build directories cleaned successfully (0 directories)\n[INFO] 2026-01-05T06:55:21.207074 - Step 2: Installing dependencies\n[INFO] 2026-01-05T06:55:21.208049 - Using Visual Studio Developer Command Prompt: C:\\Program Files\\Microsoft Visual Studio\\2022\\Community\\VC\\Auxiliary\\Build\\vcvars64.bat\n[INFO] 2026-01-05T06:55:21.208071 - Installing dependencies for standalone\n[INFO] 2026-01-05T06:55:21.208118 - Installing dependencies for game in E:\\syncfold\\Filen_private\\dev\\template\\OmniCPP-template\\build\\debug\\msvc\\game\n[INFO] 2026-01-05T06:55:21.208125 - Installing Conan dependencies for debug build\n[INFO] 2026-01-05T06:55:21.208803 - Using conanfile: E:\\syncfold\\Filen_private\\dev\\template\\OmniCPP-template\\conan\\conanfile.py\n[INFO] 2026-01-05T06:55:21.208903 - Executing in vsdevcmd environment: conan install E:\\syncfold\\Filen_private\\dev\\template\\OmniCPP-template\\conan\\conanfile.py --output-folder E:\\syncfold\\Filen_private\\dev\\template\\OmniCPP-template\\build\\debug\\msvc\\game --build=missing --profile:host E:\\syncfold\\Filen_private\\dev\\template\\OmniCPP-template\\conan\\profiles\\msvc-debug --profile:build E:\\syncfold\\Filen_private\\dev\\template\\OmniCPP-template\\conan\\profiles\\msvc-debug --settings build_type=Debug\n[INFO] 2026-01-05T06:55:21.208912 - Capture output: enabled\n[INFO] 2026-01-05T06:55:21.209008 - Executing command in vsdevcmd environment\n[INFO] 2026-01-05T06:55:21.209015 - Working directory: E:\\syncfold\\Filen_private\\dev\\template\\OmniCPP-template\\build\\debug\\msvc\\game\n[INFO] 2026-01-05T06:55:21.209019 - Full command: call \"C:\\Program Files\\Microsoft Visual Studio\\2022\\Community\\VC\\Auxiliary\\Build\\vcvars64.bat\" && conan install E:\\syncfold\\Filen_private\\dev\\template\\OmniCPP-template\\conan\\conanfile.py --output-folder E:\\syncfold\\Filen_private\\dev\\template\\OmniCPP-template\\build\\debug\\msvc\\game --build=missing --profile:host E:\\syncfold\\Filen_private\\dev\\template\\OmniCPP-template\\conan\\profiles\\msvc-debug --profile:build E:\\syncfold\\Filen_private\\dev\\template\\OmniCPP-template\\conan\\profiles\\msvc-debug --settings build_type=Debug\n[INFO] 2026-01-05T06:55:42.891113 - Command completed with return code: 0\n[INFO] 2026-01-05T06:55:43.391308 - Validating Conan installation in: E:\\syncfold\\Filen_private\\dev\\template\\OmniCPP-template\\build\\debug\\msvc\\game\n[INFO] 2026-01-05T06:55:43.395054 - Build directory exists: True\n[INFO] 2026-01-05T06:55:43.395931 - Files in build directory: [WindowsPath('E:/syncfold/Filen_private/dev/template/OmniCPP-template/build/debug/msvc/game/cmakedeps_macros.cmake'), WindowsPath('E:/syncfold/Filen_private/dev/template/OmniCPP-template/build/debug/msvc/game/CMakePresets.json'), WindowsPath('E:/syncfold/Filen_private/dev/template/OmniCPP-template/build/debug/msvc/game/conanbuild.bat'), WindowsPath('E:/syncfold/Filen_private/dev/template/OmniCPP-template/build/debug/msvc/game/conanbuildenv-debug-x86_64.bat'), WindowsPath('E:/syncfold/Filen_private/dev/template/OmniCPP-template/build/debug/msvc/game/conandeps_legacy.cmake'), WindowsPath('E:/syncfold/Filen_private/dev/template/OmniCPP-template/build/debug/msvc/game/conanrun.bat'), WindowsPath('E:/syncfold/Filen_private/dev/template/OmniCPP-template/build/debug/msvc/game/conanrunenv-debug-x86_64.bat'), WindowsPath('E:/syncfold/Filen_private/dev/template/OmniCPP-template/build/debug/msvc/game/conanvcvars.bat'), WindowsPath('E:/syncfold/Filen_private/dev/template/OmniCPP-template/build/debug/msvc/game/conan_toolchain.cmake'), WindowsPath('E:/syncfold/Filen_private/dev/template/OmniCPP-template/build/debug/msvc/game/deactivate_conanbuild.bat'), WindowsPath('E:/syncfold/Filen_private/dev/template/OmniCPP-template/build/debug/msvc/game/deactivate_conanrun.bat'), WindowsPath('E:/syncfold/Filen_private/dev/template/OmniCPP-template/build/debug/msvc/game/deactivate_conanvcvars.bat')]\n[INFO] 2026-01-05T06:55:43.395991 - Checking for toolchain file: E:\\syncfold\\Filen_private\\dev\\template\\OmniCPP-template\\build\\debug\\msvc\\game\\conan_toolchain.cmake\n[INFO] 2026-01-05T06:55:43.396221 - Toolchain file exists: True\n[INFO] 2026-01-05T06:55:43.396392 - Checking for build file: E:\\syncfold\\Filen_private\\dev\\template\\OmniCPP-template\\build\\debug\\msvc\\game\\conanbuild.bat\n[INFO] 2026-01-05T06:55:43.396517 - Build file exists: True\n[INFO] 2026-01-05T06:55:43.396662 - Checking for CMake presets: E:\\syncfold\\Filen_private\\dev\\template\\OmniCPP-template\\build\\debug\\msvc\\game\\CMakePresets.json\n[INFO] 2026-01-05T06:55:43.396781 - CMake presets exists: True\n[SUCCESS] 2026-01-05T06:55:43.396896 - Conan installation validation passed\n[SUCCESS] 2026-01-05T06:55:43.396910 - Conan dependencies installed successfully\n[SUCCESS] 2026-01-05T06:55:43.396916 - Dependencies installed successfully\n[INFO] 2026-01-05T06:55:43.396920 - Step 3: Configuring build system\n[INFO] 2026-01-05T06:55:43.396926 - Configuring build system for standalone\n[INFO] 2026-01-05T06:55:43.396972 - Configuring game in E:\\syncfold\\Filen_private\\dev\\template\\OmniCPP-template\\build\\debug\\msvc\\game\n[INFO] 2026-01-05T06:55:43.396979 - Configuring CMake for debug build\n[INFO] 2026-01-05T06:55:43.406569 - CMake command to execute: cmake -S E:\\syncfold\\Filen_private\\dev\\template\\OmniCPP-template\\src\\game -B E:\\syncfold\\Filen_private\\dev\\template\\OmniCPP-template\\build\\debug\\msvc\\game -DCMAKE_BUILD_TYPE=debug -DCMAKE_CXX_STANDARD=20 -DCMAKE_CXX_FLAGS=/W4 -DBUILD_LIBRARY=OFF -DBUILD_STANDALONE=ON -G \"Visual Studio 17 2022\"\n[INFO] 2026-01-05T06:55:43.406593 - Using execute_command for non-MSYS2 compiler\n[INFO] 2026-01-05T06:55:43.406599 - Executing: cmake -S E:\\syncfold\\Filen_private\\dev\\template\\OmniCPP-template\\src\\game -B E:\\syncfold\\Filen_private\\dev\\template\\OmniCPP-template\\build\\debug\\msvc\\game -DCMAKE_BUILD_TYPE=debug -DCMAKE_CXX_STANDARD=20 -DCMAKE_CXX_FLAGS=/W4 -DBUILD_LIBRARY=OFF -DBUILD_STANDALONE=ON -G \"Visual Studio 17 2022\"\n",
      "stderr": "\n======== Input profiles ========\nProfile host:\n[settings]\narch=x86_64\nbuild_type=Debug\ncompiler=msvc\ncompiler.cppstd=20\ncompiler.runtime=dynamic\ncompiler.runtime_type=Debug\ncompiler.version=193\nos=Windows\n[conf]\ntools.cmake.cmaketoolchain:generator=Ninja Multi-Config\ntools.microsoft.msbuild:vs_version=17\n[buildenv]\nCC=cl.exe\nCXX=cl.exe\n\nProfile build:\n[settings]\narch=x86_64\nbuild_type=Debug\ncompiler=msvc\ncompiler.cppstd=20\ncompiler.runtime=dynamic\ncompiler.runtime_type=Debug\ncompiler.version=193\nos=Windows\n[conf]\ntools.cmake.cmaketoolchain:generator=Ninja Multi-Config\ntools.microsoft.msbuild:vs_version=17\n[buildenv]\nCC=cl.exe\nCXX=cl.exe\n\n\n======== Computing dependency graph ========\nGraph root\n    conanfile.py (omnicpp-template/0.0.3): E:\\syncfold\\Filen_private\\dev\\template\\OmniCPP-template\\conan\\conanfile.py\nRequirements\n    catch2/3.7.1#d828f12a91e21037c58d9f08ddb63b5d - Cache\n    fmt/10.2.1#658771bb858b77f380be2ebb22c338e9 - Cache\n    gtest/1.15.0#9eba70e54373fb7325151ad3375934a1 - Cache\n    nlohmann_json/3.12.0#2d634ab0ec8d9f56353e5ccef6d6612c - Cache\n    spdlog/1.14.1#4fd40d9cbc1978247443a10d2ace58fd - Cache\n    zlib/1.3.1#cac0f6daea041b0ccf42934163defb20 - Cache\nBuild requirements\n    cmake/4.2.1#951586eff155256a7b5298631d6b1416 - Cache\n    ninja/1.13.2#c8c5dc2a52ed6e4e42a66d75b4717ceb - Cache\nResolved version ranges\n    cmake/[>=3.15]: cmake/4.2.1\n    fmt/[~10.2]: fmt/10.2.1\n    ninja/[>=1.10]: ninja/1.13.2\n    nlohmann_json/[~3.12]: nlohmann_json/3.12.0\n    spdlog/[~1.14]: spdlog/1.14.1\n    zlib/[~1.3]: zlib/1.3.1\n\n======== Computing necessary packages ========\nRequirements\n    catch2/3.7.1#d828f12a91e21037c58d9f08ddb63b5d:1c11ca276c7d0dbb7a3ee4c2599cf38507e094e8#26b046c4d60f04206023600d083d60ad - Cache\n    fmt/10.2.1#658771bb858b77f380be2ebb22c338e9:cec3aa1676100e3891c40534e5ce782591987448#d40e0f924749554e8dd6aeade58e8766 - Cache\n    gtest/1.15.0#9eba70e54373fb7325151ad3375934a1:83eea5c5b1318f4928a6d20ac26eb0a6a2de97cc#3196ccc3105b6c6568df1e5aa2fbebcf - Cache\n    nlohmann_json/3.12.0#2d634ab0ec8d9f56353e5ccef6d6612c:da39a3ee5e6b4b0d3255bfef95601890afd80709#2ea4b814fc9da53f7cdf5b7d68052688 - Cache\n    spdlog/1.14.1#4fd40d9cbc1978247443a10d2ace58fd:afb9abf4fa89975b1842f25538441d8723164fd7#47a8ed6850062455ebcd424479d1c2e7 - Cache\n    zlib/1.3.1#cac0f6daea041b0ccf42934163defb20:ed44dacde2751b398e4bf9441ff992a70c913c00#9af80b4f71d2d4ec4efbf819240a1242 - Cache\nBuild requirements\n    cmake/4.2.1#951586eff155256a7b5298631d6b1416:522dcea5982a3f8a5b624c16477e47195da2f84f#fc530b68aa8a1d9a3ec55995f446d9da - Cache\n    ninja/1.13.2#c8c5dc2a52ed6e4e42a66d75b4717ceb:e87e09fb175a1b4a35981cd53c3cf142cb86410f#6aa893c0014bde0f7c718d0c1be39a19 - Cache\n\n======== Installing packages ========\ncatch2/3.7.1: Already installed! (1 of 8)\ncmake/4.2.1: Already installed! (2 of 8)\nfmt/10.2.1: Already installed! (3 of 8)\ngtest/1.15.0: Already installed! (4 of 8)\nninja/1.13.2: Already installed! (5 of 8)\nnlohmann_json/3.12.0: Already installed! (6 of 8)\nzlib/1.3.1: Already installed! (7 of 8)\nspdlog/1.14.1: Already installed! (8 of 8)\n\n======== Finalizing install (deploy, generators) ========\nconanfile.py (omnicpp-template/0.0.3): Calling generate()\nconanfile.py (omnicpp-template/0.0.3): Generators folder: E:\\syncfold\\Filen_private\\dev\\template\\OmniCPP-template\\build\\debug\\msvc\\game\nconanfile.py (omnicpp-template/0.0.3): Set MSVC compiler paths: C:\\Program Files\\Microsoft Visual Studio\\2022\\Community\\VC\\Tools\\MSVC\\14.44.35207\\bin\\Hostx64\\x64\\cl.exe\nconanfile.py (omnicpp-template/0.0.3): WARN: Toolchain: Ignoring fPIC option defined for Windows\nconanfile.py (omnicpp-template/0.0.3): CMakeToolchain generated: conan_toolchain.cmake\nconanfile.py (omnicpp-template/0.0.3): CMakeToolchain: Preset 'conan-default' added to CMakePresets.json.\n    (cmake>=3.23) cmake --preset conan-default\n    (cmake<3.23) cmake <path> -G \"Ninja Multi-Config\" -DCMAKE_TOOLCHAIN_FILE=conan_toolchain.cmake  -DCMAKE_POLICY_DEFAULT_CMP0091=NEW -DCMAKE_C_COMPILER=cl -DCMAKE_CXX_COMPILER=cl\nconanfile.py (omnicpp-template/0.0.3): CMakeToolchain generated: E:\\syncfold\\Filen_private\\dev\\template\\OmniCPP-template\\build\\debug\\msvc\\game\\CMakePresets.json\nconanfile.py (omnicpp-template/0.0.3): Utility functions not available - using basic CMake generation\nconanfile.py (omnicpp-template/0.0.3): Generating aggregated env files\nconanfile.py (omnicpp-template/0.0.3): Generated aggregated env files: ['conanbuild.bat', 'conanrun.bat']\nInstall finished successfully\n[ERROR] 2026-01-05T06:55:59.535306 - Command failed (attempt 1/1): CMake Error at CMakeLists.txt:10 (find_package):\n  By not providing \"FindQt6.cmake\" in CMAKE_MODULE_PATH this project has\n  asked CMake to find a package configuration file provided by \"Qt6\", but\n  CMake did not find one.\n\n  Could not find a package configuration file provided by \"Qt6\" with any of\n  the following names:\n\n    Qt6Config.cmake\n    qt6-config.cmake\n\n  Add the installation prefix of \"Qt6\" to CMAKE_PREFIX_PATH or set \"Qt6_DIR\"\n  to a directory containing one of the above files.  If \"Qt6\" provides a\n  separate development package or SDK, be sure it has been installed.\n[ERROR] 2026-01-05T06:55:59.535422 - Build error: BuildError: Failed to configure game Context: {'parameter': 'target', 'value': 'game'}\n",
      "duration": 39.30632567405701,
      "timestamp": 1767596159.5859928
    },
    "clang-msvc": {
      "toolchain": "clang-msvc",
      "build_type": "debug",
      "success": false,
      "returncode": 1,
      "stdout": "**********************************************************************\n** Visual Studio 2022 Developer Command Prompt v17.14.20\n** Copyright (c) 2025 Microsoft Corporation\n**********************************************************************\n[vcvarsall.bat] Environment initialized for: 'x64'\n[INFO] 2026-01-05T06:56:01.424263 - Building target: standalone\n[INFO] 2026-01-05T06:56:01.424313 - Pipeline: Clean Build Pipeline\n[INFO] 2026-01-05T06:56:01.424319 - Preset: default\n[INFO] 2026-01-05T06:56:01.424322 - Config: debug\n[INFO] 2026-01-05T06:56:01.424325 - Compiler: clang-msvc\n[INFO] 2026-01-05T06:56:01.424386 - Starting Clean Build Pipeline for standalone\n[INFO] 2026-01-05T06:56:01.424395 - Build context: product=standalone, task=Clean Build Pipeline, arch=x64, build_type=debug, compiler=clang-msvc, lib_flag=False, st_flag=True\n[INFO] 2026-01-05T06:56:01.424399 - Step 1: Cleaning build directories\n[INFO] 2026-01-05T06:56:01.424403 - Cleaning build directories for standalone\n[INFO] 2026-01-05T06:56:01.424406 - lib_flag: False, st_flag: True\n[INFO] 2026-01-05T06:56:01.424413 - Targets to clean: ['game']\n[INFO] 2026-01-05T06:56:01.424451 - Build directory for game: E:\\syncfold\\Filen_private\\dev\\template\\OmniCPP-template\\build\\debug\\clang-msvc\\game\n[INFO] 2026-01-05T06:56:01.424583 - Removing build directory: E:\\syncfold\\Filen_private\\dev\\template\\OmniCPP-template\\build\\debug\\clang-msvc\\game\n[SUCCESS] 2026-01-05T06:56:01.455040 - Build directories cleaned successfully (1 directories)\n[INFO] 2026-01-05T06:56:01.455065 - Step 2: Installing dependencies\n[INFO] 2026-01-05T06:56:01.455389 - Using Visual Studio Developer Command Prompt: C:\\Program Files\\Microsoft Visual Studio\\2022\\Community\\VC\\Auxiliary\\Build\\vcvars64.bat\n[INFO] 2026-01-05T06:56:01.455459 - Installing dependencies for standalone\n[INFO] 2026-01-05T06:56:01.455504 - Installing dependencies for game in E:\\syncfold\\Filen_private\\dev\\template\\OmniCPP-template\\build\\debug\\clang-msvc\\game\n[INFO] 2026-01-05T06:56:01.455512 - Installing Conan dependencies for debug build\n[INFO] 2026-01-05T06:56:01.456350 - Using conanfile: E:\\syncfold\\Filen_private\\dev\\template\\OmniCPP-template\\conan\\conanfile.py\n[INFO] 2026-01-05T06:56:01.456553 - Executing in vsdevcmd environment: conan install E:\\syncfold\\Filen_private\\dev\\template\\OmniCPP-template\\conan\\conanfile.py --output-folder E:\\syncfold\\Filen_private\\dev\\template\\OmniCPP-template\\build\\debug\\clang-msvc\\game --build=missing --profile:host E:\\syncfold\\Filen_private\\dev\\template\\OmniCPP-template\\conan\\profiles\\clang-msvc-debug --profile:build E:\\syncfold\\Filen_private\\dev\\template\\OmniCPP-template\\conan\\profiles\\clang-msvc-debug --settings build_type=Debug\n[INFO] 2026-01-05T06:56:01.456564 - Capture output: enabled\n[INFO] 2026-01-05T06:56:01.456682 - Executing command in vsdevcmd environment\n[INFO] 2026-01-05T06:56:01.456689 - Working directory: E:\\syncfold\\Filen_private\\dev\\template\\OmniCPP-template\\build\\debug\\clang-msvc\\game\n[INFO] 2026-01-05T06:56:01.456694 - Full command: call \"C:\\Program Files\\Microsoft Visual Studio\\2022\\Community\\VC\\Auxiliary\\Build\\vcvars64.bat\" && conan install E:\\syncfold\\Filen_private\\dev\\template\\OmniCPP-template\\conan\\conanfile.py --output-folder E:\\syncfold\\Filen_private\\dev\\template\\OmniCPP-template\\build\\debug\\clang-msvc\\game --build=missing --profile:host E:\\syncfold\\Filen_private\\dev\\template\\OmniCPP-template\\conan\\profiles\\clang-msvc-debug --profile:build E:\\syncfold\\Filen_private\\dev\\template\\OmniCPP-template\\conan\\profiles\\clang-msvc-debug --settings build_type=Debug\n[INFO] 2026-01-05T06:56:12.610713 - Command completed with return code: 0\n[INFO] 2026-01-05T06:56:13.111224 - Validating Conan installation in: E:\\syncfold\\Filen_private\\dev\\template\\OmniCPP-template\\build\\debug\\clang-msvc\\game\n[INFO] 2026-01-05T06:56:13.114473 - Build directory exists: True\n[INFO] 2026-01-05T06:56:13.115094 - Files in build directory: [WindowsPath('E:/syncfold/Filen_private/dev/template/OmniCPP-template/build/debug/clang-msvc/game/cmakedeps_macros.cmake'), WindowsPath('E:/syncfold/Filen_private/dev/template/OmniCPP-template/build/debug/clang-msvc/game/CMakePresets.json'), WindowsPath('E:/syncfold/Filen_private/dev/template/OmniCPP-template/build/debug/clang-msvc/game/conanbuild.bat'), WindowsPath('E:/syncfold/Filen_private/dev/template/OmniCPP-template/build/debug/clang-msvc/game/conanbuildenv-debug-x86_64.bat'), WindowsPath('E:/syncfold/Filen_private/dev/template/OmniCPP-template/build/debug/clang-msvc/game/conandeps_legacy.cmake'), WindowsPath('E:/syncfold/Filen_private/dev/template/OmniCPP-template/build/debug/clang-msvc/game/conanrun.bat'), WindowsPath('E:/syncfold/Filen_private/dev/template/OmniCPP-template/build/debug/clang-msvc/game/conanrunenv-debug-x86_64.bat'), WindowsPath('E:/syncfold/Filen_private/dev/template/OmniCPP-template/build/debug/clang-msvc/game/conanvcvars.bat'), WindowsPath('E:/syncfold/Filen_private/dev/template/OmniCPP-template/build/debug/clang-msvc/game/conan_toolchain.cmake'), WindowsPath('E:/syncfold/Filen_private/dev/template/OmniCPP-template/build/debug/clang-msvc/game/deactivate_conanbuild.bat'), WindowsPath('E:/syncfold/Filen_private/dev/template/OmniCPP-template/build/debug/clang-msvc/game/deactivate_conanrun.bat'), WindowsPath('E:/syncfold/Filen_private/dev/template/OmniCPP-template/build/debug/clang-msvc/game/deactivate_conanvcvars.bat')]\n[INFO] 2026-01-05T06:56:13.115151 - Checking for toolchain file: E:\\syncfold\\Filen_private\\dev\\template\\OmniCPP-template\\build\\debug\\clang-msvc\\game\\conan_toolchain.cmake\n[INFO] 2026-01-05T06:56:13.115319 - Toolchain file exists: True\n[INFO] 2026-01-05T06:56:13.115612 - Checking for build file: E:\\syncfold\\Filen_private\\dev\\template\\OmniCPP-template\\build\\debug\\clang-msvc\\game\\conanbuild.bat\n[INFO] 2026-01-05T06:56:13.115835 - Build file exists: True\n[INFO] 2026-01-05T06:56:13.115999 - Checking for CMake presets: E:\\syncfold\\Filen_private\\dev\\template\\OmniCPP-template\\build\\debug\\clang-msvc\\game\\CMakePresets.json\n[INFO] 2026-01-05T06:56:13.116118 - CMake presets exists: True\n[SUCCESS] 2026-01-05T06:56:13.116233 - Conan installation validation passed\n[SUCCESS] 2026-01-05T06:56:13.116247 - Conan dependencies installed successfully\n[SUCCESS] 2026-01-05T06:56:13.116253 - Dependencies installed successfully\n[INFO] 2026-01-05T06:56:13.116258 - Step 3: Configuring build system\n[INFO] 2026-01-05T06:56:13.116264 - Configuring build system for standalone\n[INFO] 2026-01-05T06:56:13.116308 - Configuring game in E:\\syncfold\\Filen_private\\dev\\template\\OmniCPP-template\\build\\debug\\clang-msvc\\game\n[INFO] 2026-01-05T06:56:13.116315 - Configuring CMake for debug build\n[INFO] 2026-01-05T06:56:13.119307 - CMake command to execute: cmake -S E:\\syncfold\\Filen_private\\dev\\template\\OmniCPP-template\\src\\game -B E:\\syncfold\\Filen_private\\dev\\template\\OmniCPP-template\\build\\debug\\clang-msvc\\game -DCMAKE_BUILD_TYPE=debug -DCMAKE_CXX_STANDARD=20 -DCMAKE_CXX_FLAGS=-Werror -DBUILD_LIBRARY=OFF -DBUILD_STANDALONE=ON -G \"Visual Studio 17 2022\"\n[INFO] 2026-01-05T06:56:13.119326 - Using execute_command for non-MSYS2 compiler\n[INFO] 2026-01-05T06:56:13.119331 - Executing: cmake -S E:\\syncfold\\Filen_private\\dev\\template\\OmniCPP-template\\src\\game -B E:\\syncfold\\Filen_private\\dev\\template\\OmniCPP-template\\build\\debug\\clang-msvc\\game -DCMAKE_BUILD_TYPE=debug -DCMAKE_CXX_STANDARD=20 -DCMAKE_CXX_FLAGS=-Werror -DBUILD_LIBRARY=OFF -DBUILD_STANDALONE=ON -G \"Visual Studio 17 2022\"\n",
      "stderr": "\n======== Input profiles ========\nProfile host:\n[settings]\narch=x86_64\nbuild_type=Debug\ncompiler=clang\ncompiler.cppstd=20\ncompiler.libcxx=libc++\ncompiler.runtime=dynamic\ncompiler.runtime_type=Debug\ncompiler.runtime_version=v143\ncompiler.version=19\nos=Windows\n[options]\nvulkan/*:shared=True\n[conf]\ntools.cmake.cmaketoolchain:generator=Ninja Multi-Config\ntools.microsoft.msbuild:vs_version=17\n[buildenv]\nCC=clang-cl.exe\nCXX=clang-cl.exe\n\nProfile build:\n[settings]\narch=x86_64\nbuild_type=Debug\ncompiler=clang\ncompiler.cppstd=20\ncompiler.libcxx=libc++\ncompiler.runtime=dynamic\ncompiler.runtime_type=Debug\ncompiler.runtime_version=v143\ncompiler.version=19\nos=Windows\n[options]\nvulkan/*:shared=True\n[conf]\ntools.cmake.cmaketoolchain:generator=Ninja Multi-Config\ntools.microsoft.msbuild:vs_version=17\n[buildenv]\nCC=clang-cl.exe\nCXX=clang-cl.exe\n\n\n======== Computing dependency graph ========\nGraph root\n    conanfile.py (omnicpp-template/0.0.3): E:\\syncfold\\Filen_private\\dev\\template\\OmniCPP-template\\conan\\conanfile.py\nRequirements\n    catch2/3.7.1#d828f12a91e21037c58d9f08ddb63b5d - Cache\n    fmt/10.2.1#658771bb858b77f380be2ebb22c338e9 - Cache\n    gtest/1.15.0#9eba70e54373fb7325151ad3375934a1 - Cache\n    nlohmann_json/3.12.0#2d634ab0ec8d9f56353e5ccef6d6612c - Cache\n    spdlog/1.14.1#4fd40d9cbc1978247443a10d2ace58fd - Cache\n    zlib/1.3.1#cac0f6daea041b0ccf42934163defb20 - Cache\nBuild requirements\n    cmake/4.2.1#951586eff155256a7b5298631d6b1416 - Cache\n    ninja/1.13.2#c8c5dc2a52ed6e4e42a66d75b4717ceb - Cache\nResolved version ranges\n    cmake/[>=3.15]: cmake/4.2.1\n    fmt/[~10.2]: fmt/10.2.1\n    ninja/[>=1.10]: ninja/1.13.2\n    nlohmann_json/[~3.12]: nlohmann_json/3.12.0\n    spdlog/[~1.14]: spdlog/1.14.1\n    zlib/[~1.3]: zlib/1.3.1\n\n======== Computing necessary packages ========\nRequirements\n    catch2/3.7.1#d828f12a91e21037c58d9f08ddb63b5d:bbf74053106a97a67c721b62c17977d4a9867fcf#9e90233c1b875d52af2fad6c9e7ecd7e - Cache\n    fmt/10.2.1#658771bb858b77f380be2ebb22c338e9:906894514afa5dee14a92c853efceb6390163d40#52d76007c30fe1b93d4982cb0fea760e - Cache\n    gtest/1.15.0#9eba70e54373fb7325151ad3375934a1:13aae7ba084f055d3093db343b9eab520911803b#7ff537f806ea2de82cb6f2f35f193973 - Cache\n    nlohmann_json/3.12.0#2d634ab0ec8d9f56353e5ccef6d6612c:da39a3ee5e6b4b0d3255bfef95601890afd80709#2ea4b814fc9da53f7cdf5b7d68052688 - Cache\n    spdlog/1.14.1#4fd40d9cbc1978247443a10d2ace58fd:570cc521ad647735d7ff759f32a908b52bd596ff#57aaabc2235f183c98a1ad096c97270f - Cache\n    zlib/1.3.1#cac0f6daea041b0ccf42934163defb20:7a81f4ef18e1d1272d977be7cdd8705b92dc29ac#498039fcd2fe5fa498ddca0105f6654d - Cache\nBuild requirements\n    cmake/4.2.1#951586eff155256a7b5298631d6b1416:522dcea5982a3f8a5b624c16477e47195da2f84f#fc530b68aa8a1d9a3ec55995f446d9da - Cache\n    ninja/1.13.2#c8c5dc2a52ed6e4e42a66d75b4717ceb:e87e09fb175a1b4a35981cd53c3cf142cb86410f#6aa893c0014bde0f7c718d0c1be39a19 - Cache\n\n======== Installing packages ========\ncatch2/3.7.1: Already installed! (1 of 8)\ncmake/4.2.1: Already installed! (2 of 8)\nfmt/10.2.1: Already installed! (3 of 8)\ngtest/1.15.0: Already installed! (4 of 8)\nninja/1.13.2: Already installed! (5 of 8)\nnlohmann_json/3.12.0: Already installed! (6 of 8)\nzlib/1.3.1: Already installed! (7 of 8)\nspdlog/1.14.1: Already installed! (8 of 8)\n\n======== Finalizing install (deploy, generators) ========\nconanfile.py (omnicpp-template/0.0.3): Calling generate()\nconanfile.py (omnicpp-template/0.0.3): Generators folder: E:\\syncfold\\Filen_private\\dev\\template\\OmniCPP-template\\build\\debug\\clang-msvc\\game\nconanfile.py (omnicpp-template/0.0.3): WARN: Toolchain: Ignoring fPIC option defined for Windows\nconanfile.py (omnicpp-template/0.0.3): CMakeToolchain generated: conan_toolchain.cmake\nconanfile.py (omnicpp-template/0.0.3): CMakeToolchain: Preset 'conan-default' added to CMakePresets.json.\n    (cmake>=3.23) cmake --preset conan-default\n    (cmake<3.23) cmake <path> -G \"Ninja Multi-Config\" -DCMAKE_TOOLCHAIN_FILE=conan_toolchain.cmake  -DCMAKE_POLICY_DEFAULT_CMP0091=NEW\nconanfile.py (omnicpp-template/0.0.3): CMakeToolchain generated: E:\\syncfold\\Filen_private\\dev\\template\\OmniCPP-template\\build\\debug\\clang-msvc\\game\\CMakePresets.json\nconanfile.py (omnicpp-template/0.0.3): Utility functions not available - using basic CMake generation\nconanfile.py (omnicpp-template/0.0.3): Generating aggregated env files\nconanfile.py (omnicpp-template/0.0.3): Generated aggregated env files: ['conanbuild.bat', 'conanrun.bat']\nInstall finished successfully\n[ERROR] 2026-01-05T06:56:20.502805 - Command failed (attempt 1/1): CMake Error at CMakeLists.txt:10 (find_package):\n  By not providing \"FindQt6.cmake\" in CMAKE_MODULE_PATH this project has\n  asked CMake to find a package configuration file provided by \"Qt6\", but\n  CMake did not find one.\n\n  Could not find a package configuration file provided by \"Qt6\" with any of\n  the following names:\n\n    Qt6Config.cmake\n    qt6-config.cmake\n\n  Add the installation prefix of \"Qt6\" to CMAKE_PREFIX_PATH or set \"Qt6_DIR\"\n  to a directory containing one of the above files.  If \"Qt6\" provides a\n  separate development package or SDK, be sure it has been installed.\n[ERROR] 2026-01-05T06:56:20.502932 - Build error: BuildError: Failed to configure game Context: {'parameter': 'target', 'value': 'game'}\n",
      "duration": 19.463630437850952,
      "timestamp": 1767596180.5194554
    },
    "gcc-mingw": {
      "toolchain": "gcc-mingw",
      "build_type": "debug",
      "success": false,
      "returncode": 2,
      "stdout": "",
      "stderr": "usage: OmniCppController.py build [-h]\n                                  [--compiler {msvc,clang-msvc,mingw-clang,mingw-gcc,gcc,clang}]\n                                  [--clean]\n                                  {engine,game,standalone,all} pipeline preset\n                                  {debug,release}\nOmniCppController.py build: error: argument --compiler: invalid choice: 'gcc-mingw' (choose from msvc, clang-msvc, mingw-clang, mingw-gcc, gcc, clang)\n",
      "duration": 0.39038825035095215,
      "timestamp": 1767596181.3012362
    },
    "clang-mingw": {
      "toolchain": "clang-mingw",
      "build_type": "debug",
      "success": false,
      "returncode": 2,
      "stdout": "",
      "stderr": "usage: OmniCppController.py build [-h]\n                                  [--compiler {msvc,clang-msvc,mingw-clang,mingw-gcc,gcc,clang}]\n                                  [--clean]\n                                  {engine,game,standalone,all} pipeline preset\n                                  {debug,release}\nOmniCppController.py build: error: argument --compiler: invalid choice: 'clang-mingw' (choose from msvc, clang-msvc, mingw-clang, mingw-gcc, gcc, clang)\n",
      "duration": 0.20212984085083008,
      "timestamp": 1767596181.920592
    }
  },
  "artifact_validation": {
    "msvc": {
      "artifacts_found": {
        "exe": [
          "build\\installation\\default\\release\\bin\\TestApp.exe",
          "build\\debug\\msvc\\game\\CMakeFiles\\4.1.2\\CompilerIdCXX\\CompilerIdCXX.exe",
          "build\\debug\\msvc\\engine\\CMakeFiles\\4.1.2\\CompilerIdCXX\\CompilerIdCXX.exe",
          "build\\debug\\mingw-clang\\game\\CMakeFiles\\4.1.2\\CompilerIdCXX\\a.exe",
          "build\\debug\\clang-msvc\\game\\CMakeFiles\\4.1.2\\CompilerIdCXX\\CompilerIdCXX.exe"
        ],
        "lib": [
          "build\\installation\\default\\release\\lib\\cpptrace.lib"
        ]
      },
      "artifact_hashes": {
        "build\\installation\\default\\release\\bin\\TestApp.exe": "0dba0340aeb0e0fd67b4a0e77f2467d3",
        "build\\debug\\msvc\\game\\CMakeFiles\\4.1.2\\CompilerIdCXX\\CompilerIdCXX.exe": "3e5a9f240b25c500accb44a0f46e4491",
        "build\\debug\\msvc\\engine\\CMakeFiles\\4.1.2\\CompilerIdCXX\\CompilerIdCXX.exe": "322b7430575275a89e84da265811f417",
        "build\\debug\\mingw-clang\\game\\CMakeFiles\\4.1.2\\CompilerIdCXX\\a.exe": "54d30499a7ca89bb709ccdaddb012604",
        "build\\debug\\clang-msvc\\game\\CMakeFiles\\4.1.2\\CompilerIdCXX\\CompilerIdCXX.exe": "266c95dc8daf5035101a143d829f063f",
        "build\\installation\\default\\release\\lib\\cpptrace.lib": "8c9d33c8a312287e2ebc592e90c0c971"
      },
      "build_success": false
    },
    "clang-msvc": {
      "artifacts_found": {
        "exe": [
          "build\\installation\\default\\release\\bin\\TestApp.exe",
          "build\\debug\\msvc\\game\\CMakeFiles\\4.1.2\\CompilerIdCXX\\CompilerIdCXX.exe",
          "build\\debug\\msvc\\engine\\CMakeFiles\\4.1.2\\CompilerIdCXX\\CompilerIdCXX.exe",
          "build\\debug\\mingw-clang\\game\\CMakeFiles\\4.1.2\\CompilerIdCXX\\a.exe",
          "build\\debug\\clang-msvc\\game\\CMakeFiles\\4.1.2\\CompilerIdCXX\\CompilerIdCXX.exe"
        ],
        "lib": [
          "build\\installation\\default\\release\\lib\\cpptrace.lib"
        ]
      },
      "artifact_hashes": {
        "build\\installation\\default\\release\\bin\\TestApp.exe": "0dba0340aeb0e0fd67b4a0e77f2467d3",
        "build\\debug\\msvc\\game\\CMakeFiles\\4.1.2\\CompilerIdCXX\\CompilerIdCXX.exe": "3e5a9f240b25c500accb44a0f46e4491",
        "build\\debug\\msvc\\engine\\CMakeFiles\\4.1.2\\CompilerIdCXX\\CompilerIdCXX.exe": "322b7430575275a89e84da265811f417",
        "build\\debug\\mingw-clang\\game\\CMakeFiles\\4.1.2\\CompilerIdCXX\\a.exe": "54d30499a7ca89bb709ccdaddb012604",
        "build\\debug\\clang-msvc\\game\\CMakeFiles\\4.1.2\\CompilerIdCXX\\CompilerIdCXX.exe": "411dad2cb3469727b94b36b1d1b4ac70",
        "build\\installation\\default\\release\\lib\\cpptrace.lib": "8c9d33c8a312287e2ebc592e90c0c971"
      },
      "build_success": false
    },
    "gcc-mingw": {
      "artifacts_found": {
        "exe": [
          "build\\installation\\default\\release\\bin\\TestApp.exe",
          "build\\debug\\msvc\\game\\CMakeFiles\\4.1.2\\CompilerIdCXX\\CompilerIdCXX.exe",
          "build\\debug\\msvc\\engine\\CMakeFiles\\4.1.2\\CompilerIdCXX\\CompilerIdCXX.exe",
          "build\\debug\\mingw-clang\\game\\CMakeFiles\\4.1.2\\CompilerIdCXX\\a.exe",
          "build\\debug\\clang-msvc\\game\\CMakeFiles\\4.1.2\\CompilerIdCXX\\CompilerIdCXX.exe"
        ],
        "lib": [
          "build\\installation\\default\\release\\lib\\cpptrace.lib"
        ]
      },
      "artifact_hashes": {
        "build\\installation\\default\\release\\bin\\TestApp.exe": "0dba0340aeb0e0fd67b4a0e77f2467d3",
        "build\\debug\\msvc\\game\\CMakeFiles\\4.1.2\\CompilerIdCXX\\CompilerIdCXX.exe": "3e5a9f240b25c500accb44a0f46e4491",
        "build\\debug\\msvc\\engine\\CMakeFiles\\4.1.2\\CompilerIdCXX\\CompilerIdCXX.exe": "322b7430575275a89e84da265811f417",
        "build\\debug\\mingw-clang\\game\\CMakeFiles\\4.1.2\\CompilerIdCXX\\a.exe": "54d30499a7ca89bb709ccdaddb012604",
        "build\\debug\\clang-msvc\\game\\CMakeFiles\\4.1.2\\CompilerIdCXX\\CompilerIdCXX.exe": "411dad2cb3469727b94b36b1d1b4ac70",
        "build\\installation\\default\\release\\lib\\cpptrace.lib": "8c9d33c8a312287e2ebc592e90c0c971"
      },
      "build_success": false
    },
    "clang-mingw": {
      "artifacts_found": {
        "exe": [
          "build\\installation\\default\\release\\bin\\TestApp.exe",
          "build\\debug\\msvc\\game\\CMakeFiles\\4.1.2\\CompilerIdCXX\\CompilerIdCXX.exe",
          "build\\debug\\msvc\\engine\\CMakeFiles\\4.1.2\\CompilerIdCXX\\CompilerIdCXX.exe",
          "build\\debug\\mingw-clang\\game\\CMakeFiles\\4.1.2\\CompilerIdCXX\\a.exe",
          "build\\debug\\clang-msvc\\game\\CMakeFiles\\4.1.2\\CompilerIdCXX\\CompilerIdCXX.exe"
        ],
        "lib": [
          "build\\installation\\default\\release\\lib\\cpptrace.lib"
        ]
      },
      "artifact_hashes": {
        "build\\installation\\default\\release\\bin\\TestApp.exe": "0dba0340aeb0e0fd67b4a0e77f2467d3",
        "build\\debug\\msvc\\game\\CMakeFiles\\4.1.2\\CompilerIdCXX\\CompilerIdCXX.exe": "3e5a9f240b25c500accb44a0f46e4491",
        "build\\debug\\msvc\\engine\\CMakeFiles\\4.1.2\\CompilerIdCXX\\CompilerIdCXX.exe": "322b7430575275a89e84da265811f417",
        "build\\debug\\mingw-clang\\game\\CMakeFiles\\4.1.2\\CompilerIdCXX\\a.exe": "54d30499a7ca89bb709ccdaddb012604",
        "build\\debug\\clang-msvc\\game\\CMakeFiles\\4.1.2\\CompilerIdCXX\\CompilerIdCXX.exe": "411dad2cb3469727b94b36b1d1b4ac70",
        "build\\installation\\default\\release\\lib\\cpptrace.lib": "8c9d33c8a312287e2ebc592e90c0c971"
      },
      "build_success": false
    }
  },
  "cmake_validation": {
    "msvc": {
      "toolchain": "msvc",
      "configure_success": false,
      "cmake_cache_exists": true,
      "config_content_hash": "5db42dcf323836814dea87e0fb17a7a8",
      "stderr": "usage: OmniCppController.py [-h] [--version]\n                            {configure,build,clean,install,test,package,format,lint} ...\nOmniCppController.py: error: unrecognized arguments: default debug --compiler=msvc\n"
    },
    "clang-msvc": {
      "toolchain": "clang-msvc",
      "configure_success": false,
      "cmake_cache_exists": true,
      "config_content_hash": "5db42dcf323836814dea87e0fb17a7a8",
      "stderr": "usage: OmniCppController.py [-h] [--version]\n                            {configure,build,clean,install,test,package,format,lint} ...\nOmniCppController.py: error: unrecognized arguments: default debug --compiler=clang-msvc\n"
    },
    "gcc-mingw": {
      "toolchain": "gcc-mingw",
      "configure_success": false,
      "cmake_cache_exists": true,
      "config_content_hash": "5db42dcf323836814dea87e0fb17a7a8",
      "stderr": "usage: OmniCppController.py [-h] [--version]\n                            {configure,build,clean,install,test,package,format,lint} ...\nOmniCppController.py: error: unrecognized arguments: default debug --compiler=gcc-mingw\n"
    },
    "clang-mingw": {
      "toolchain": "clang-mingw",
      "configure_success": false,
      "cmake_cache_exists": true,
      "config_content_hash": "5db42dcf323836814dea87e0fb17a7a8",
      "stderr": "usage: OmniCppController.py [-h] [--version]\n                            {configure,build,clean,install,test,package,format,lint} ...\nOmniCppController.py: error: unrecognized arguments: default debug --compiler=clang-mingw\n"
    }
  },
  "dependency_validation": {
    "msvc": {
      "toolchain": "msvc",
      "deps_dir_exists": false,
      "dependencies_found": {}
    },
    "clang-msvc": {
      "toolchain": "clang-msvc",
      "deps_dir_exists": false,
      "dependencies_found": {}
    },
    "gcc-mingw": {
      "toolchain": "gcc-mingw",
      "deps_dir_exists": false,
      "dependencies_found": {}
    },
    "clang-mingw": {
      "toolchain": "clang-mingw",
      "deps_dir_exists": false,
      "dependencies_found": {}
    }
  },
  "consistency_checks": {
    "all_builds_successful": false,
    "cmake_configs_consistent": true,
    "artifacts_consistent": true,
    "dependencies_consistent": true,
    "issues": [
      "Build failed for msvc: Unknown error",
      "Build failed for clang-msvc: Unknown error",
      "Build failed for gcc-mingw: Unknown error",
      "Build failed for clang-mingw: Unknown error"
    ]
  }
}