{
  "summary": {
    "test_type": "quick",
    "platform": "windows",
    "timestamp": 1767570513.244415,
    "total_tests": 4,
    "passed_tests": 2,
    "failed_tests": 2,
    "skipped_tests": 0,
    "total_duration": 1.0272107124328613,
    "test_categories": {
      "help": {
        "total": 1,
        "passed": 1,
        "failed": 0
      },
      "version": {
        "total": 1,
        "passed": 0,
        "failed": 1
      },
      "invalid": {
        "total": 1,
        "passed": 1,
        "failed": 0
      },
      "quick": {
        "total": 1,
        "passed": 0,
        "failed": 1
      }
    },
    "failures": [
      {
        "test_name": "version_command",
        "error": "Expected success, got failure",
        "command": "C:\\PYTHON~1\\python.exe e:\\syncfold\\Filen_private\\dev\\template\\OmniCPP-template\\OmniCppController.py --version"
      },
      {
        "test_name": "quick_configure_msvc",
        "error": "Expected success, got failure",
        "command": "C:\\PYTHON~1\\python.exe e:\\syncfold\\Filen_private\\dev\\template\\OmniCPP-template\\OmniCppController.py configure default debug --compiler=msvc"
      }
    ],
    "performance_stats": {
      "average_duration": 0.25680267810821533,
      "max_duration": 0.277510404586792,
      "min_duration": 0.21225738525390625
    },
    "recommendations": [
      "Low test success rate - investigate failures"
    ]
  },
  "detailed_results": [
    {
      "test_name": "help_command",
      "command": "C:\\PYTHON~1\\python.exe e:\\syncfold\\Filen_private\\dev\\template\\OmniCPP-template\\OmniCppController.py --help",
      "success": true,
      "expected_success": true,
      "duration": 0.2765486240386963,
      "returncode": 0,
      "error": null,
      "stdout": "usage: OmniCppController.py [-h] {build,clean,install,test,package} ...\n\nOmniCpp Controller - Build and Package Management System\n\npositional arguments:\n  {build,clean,install,test,package}\n                        Available commands\n    build               Build the project\n    clean               Clean build artifacts\n    install             Install build artifacts\n    test                Run tests\n    package             Create distribution packages\n\noptions:\n  -h, --help            show this help message and exit\n\nExamples:\n    python OmniCppController.py build engine \"Clean Build Pipeline\" default release --compiler msvc\n    python OmniCppController.py build game \"Clean Build Pipeline\" default debug --compiler clang-msvc\n    python OmniCppController.py clean\n    python OmniCppController.py install engine release\n        \n",
      "stderr": "",
      "timestamp": 1767570512.4936378
    },
    {
      "test_name": "version_command",
      "command": "C:\\PYTHON~1\\python.exe e:\\syncfold\\Filen_private\\dev\\template\\OmniCPP-template\\OmniCppController.py --version",
      "success": false,
      "expected_success": true,
      "duration": 0.277510404586792,
      "returncode": 2,
      "error": "Expected success, got failure",
      "stdout": "",
      "stderr": "usage: OmniCppController.py [-h] {build,clean,install,test,package} ...\nOmniCppController.py: error: unrecognized arguments: --version\n",
      "timestamp": 1767570512.771158
    },
    {
      "test_name": "invalid_command",
      "command": "C:\\PYTHON~1\\python.exe e:\\syncfold\\Filen_private\\dev\\template\\OmniCPP-template\\OmniCppController.py invalid",
      "success": true,
      "expected_success": false,
      "duration": 0.2608942985534668,
      "returncode": 2,
      "error": null,
      "stdout": "",
      "stderr": "usage: OmniCppController.py [-h] {build,clean,install,test,package} ...\nOmniCppController.py: error: argument command: invalid choice: 'invalid' (choose from build, clean, install, test, package)\n",
      "timestamp": 1767570513.0321305
    },
    {
      "test_name": "quick_configure_msvc",
      "command": "C:\\PYTHON~1\\python.exe e:\\syncfold\\Filen_private\\dev\\template\\OmniCPP-template\\OmniCppController.py configure default debug --compiler=msvc",
      "success": false,
      "expected_success": true,
      "duration": 0.21225738525390625,
      "returncode": 2,
      "error": "Expected success, got failure",
      "stdout": "",
      "stderr": "usage: OmniCppController.py [-h] {build,clean,install,test,package} ...\nOmniCppController.py: error: argument command: invalid choice: 'configure' (choose from build, clean, install, test, package)\n",
      "timestamp": 1767570513.2444081
    }
  ]
}