{
  "summary": {
    "test_type": "quick",
    "platform": "windows",
    "timestamp": 1767596080.898685,
    "total_tests": 4,
    "passed_tests": 3,
    "failed_tests": 1,
    "skipped_tests": 0,
    "total_duration": 2.598843812942505,
    "test_categories": {
      "help": {
        "total": 1,
        "passed": 1,
        "failed": 0
      },
      "version": {
        "total": 1,
        "passed": 1,
        "failed": 0
      },
      "invalid": {
        "total": 1,
        "passed": 1,
        "failed": 0
      },
      "quick": {
        "total": 1,
        "passed": 0,
        "failed": 1
      }
    },
    "failures": [
      {
        "test_name": "quick_configure_msvc",
        "error": "Expected success, got failure",
        "command": "C:\\PYTHON~1\\python.exe e:\\syncfold\\Filen_private\\dev\\template\\OmniCPP-template\\OmniCppController.py configure default debug --compiler=msvc"
      }
    ],
    "performance_stats": {
      "average_duration": 0.6497109532356262,
      "max_duration": 0.8615744113922119,
      "min_duration": 0.42763757705688477
    },
    "recommendations": [
      "Low test success rate - investigate failures"
    ]
  },
  "detailed_results": [
    {
      "test_name": "help_command",
      "command": "C:\\PYTHON~1\\python.exe e:\\syncfold\\Filen_private\\dev\\template\\OmniCPP-template\\OmniCppController.py --help",
      "success": true,
      "expected_success": true,
      "duration": 0.8615744113922119,
      "returncode": 0,
      "error": null,
      "stdout": "usage: OmniCppController.py [-h] [--version]\n                            {configure,build,clean,install,test,package,format,lint} ...\n\nOmniCpp Controller - Build and Package Management System\n\npositional arguments:\n  {configure,build,clean,install,test,package,format,lint}\n                        Available commands\n    configure           Configure the build system with CMake\n    build               Build the project\n    clean               Clean build artifacts\n    install             Install build artifacts\n    test                Run tests\n    package             Create distribution packages\n    format              Format code with clang-format and black\n    lint                Run static analysis with clang-tidy, pylint, and mypy\n\noptions:\n  -h, --help            show this help message and exit\n  --version             show program's version number and exit\n\nExamples:\n    python OmniCppController.py configure\n    python OmniCppController.py build engine \"Clean Build Pipeline\" default release --compiler msvc\n    python OmniCppController.py build game \"Clean Build Pipeline\" default debug --compiler clang-msvc\n    python OmniCppController.py build standalone \"Clean Build Pipeline\" default release\n    python OmniCppController.py clean\n    python OmniCppController.py install engine release\n    python OmniCppController.py format\n    python OmniCppController.py lint\n        \n",
      "stderr": "",
      "timestamp": 1767596079.1613657
    },
    {
      "test_name": "version_command",
      "command": "C:\\PYTHON~1\\python.exe e:\\syncfold\\Filen_private\\dev\\template\\OmniCPP-template\\OmniCppController.py --version",
      "success": true,
      "expected_success": true,
      "duration": 0.7650425434112549,
      "returncode": 0,
      "error": null,
      "stdout": "OmniCppController.py 1.0.0\n",
      "stderr": "",
      "timestamp": 1767596079.9264188
    },
    {
      "test_name": "invalid_command",
      "command": "C:\\PYTHON~1\\python.exe e:\\syncfold\\Filen_private\\dev\\template\\OmniCPP-template\\OmniCppController.py invalid",
      "success": true,
      "expected_success": false,
      "duration": 0.5445892810821533,
      "returncode": 2,
      "error": null,
      "stdout": "",
      "stderr": "usage: OmniCppController.py [-h] [--version]\n                            {configure,build,clean,install,test,package,format,lint} ...\nOmniCppController.py: error: argument command: invalid choice: 'invalid' (choose from configure, build, clean, install, test, package, format, lint)\n",
      "timestamp": 1767596080.471019
    },
    {
      "test_name": "quick_configure_msvc",
      "command": "C:\\PYTHON~1\\python.exe e:\\syncfold\\Filen_private\\dev\\template\\OmniCPP-template\\OmniCppController.py configure default debug --compiler=msvc",
      "success": false,
      "expected_success": true,
      "duration": 0.42763757705688477,
      "returncode": 2,
      "error": "Expected success, got failure",
      "stdout": "",
      "stderr": "usage: OmniCppController.py [-h] [--version]\n                            {configure,build,clean,install,test,package,format,lint} ...\nOmniCppController.py: error: unrecognized arguments: default debug --compiler=msvc\n",
      "timestamp": 1767596080.898677
    }
  ]
}